+BrokerVolume
205 Query	begin
205 Query	SELECT b_name, SUM(tr_qty * tr_bid_price) AS price_sum FROM trade_request, sector, industry, company, broker, security WHERE tr_b_id = b_id AND tr_s_symb = s_symb AND s_co_id = co_id AND co_in_id = in_id AND sc_id = in_sc_id AND b_name IN ('b_name1') AND sc_name = 'sc_name' GROUP BY b_name ORDER BY price_sum DESC
205 Query	commit
-BrokerVolume
+CustomerPosition
205 Query	begin
205 Query	SELECT c_id FROM customer WHERE c_tax_id = 'c_tax_id'
205 Query	SELECT c_st_id, c_l_name, c_f_name, c_m_name, c_gndr, c_tier, DATE_FORMAT(c_dob,'%Y-%m-%d'), c_ad_id, c_ctry_1, c_area_1, c_local_1, c_ext_1, c_ctry_2, c_area_2, c_local_2, c_ext_2, c_ctry_3, c_area_3, c_local_3, c_ext_3, c_email_1, c_email_2 FROM customer WHERE c_id = 1
205 Query	SELECT ca_id, ca_bal, COALESCE(SUM(hs_qty * lt_price),0) AS price_sum FROM customer_account LEFT OUTER JOIN holding_summary ON hs_ca_id = ca_id, last_trade WHERE ca_c_id = 1 AND lt_s_symb = hs_s_symb GROUP BY ca_id,ca_bal ORDER BY price_sum ASC LIMIT max_acct_len
205 Query	SELECT t_id, t_s_symb, t_qty, st_name, DATE_FORMAT(th_dts,'%Y-%m-%d %H:%i:%s.%f') FROM (SELECT t_id AS id FROM trade WHERE t_ca_id = 1 ORDER BY t_dts DESC LIMIT 10) AS t, trade, trade_history, status_type WHERE t_id = id AND th_t_id = t_id AND st_id = th_st_id ORDER BY th_dts DESC LIMIT max_hist_len
205 Query	commit
-CustomerPosition
+MarketWatch
205 Query	begin
205 Query	SELECT COALESCE( SUM(s_num_out * dm_close), 0), COALESCE( SUM(s_num_out * lt_price), 0) FROM watch_item, watch_list, last_trade, security, daily_market WHERE wl_c_id = 1 AND wi_wl_id = wl_id AND dm_s_symb = wi_s_symb AND dm_date = 'date' AND lt_s_symb = dm_s_symb AND s_symb = dm_s_symb
205 Query	SELECT COALESCE( SUM(s_num_out * dm_close), 0), COALESCE( SUM(s_num_out * lt_price), 0) FROM industry, company, security, last_trade, daily_market WHERE in_name = 'name' AND co_in_id = in_id AND co_id BETWEEN 1 AND 10 AND s_co_id = co_id AND dm_s_symb = s_symb AND dm_date = 'date' AND lt_s_symb = dm_s_symb
205 Query	commit
-MarketWatch
-+DataMaintainance
-205 Query	begin
-205 Query	SELECT ap_acl FROM account_permission WHERE ap_ca_id = 1 ORDER BY ap_acl DESC LIMIT 1
-205 Query	UPDATE account_permission SET ap_acl = 'ap_acl_updated' WHERE ap_ca_id = 1 AND ap_acl = 'ap_acl'
-205 Query	SELECT ad_line2, ad_id FROM address, customer WHERE ad_id = c_ad_id AND c_id = 1
-205 Query	SELECT ad_line2, ad_id FROM address, company WHERE ad_id = co_ad_id AND co_id = 1
-205 Query	UPDATE address SET ad_line2 = 'ad_line_2' WHERE ad_id = 1
-205 Query	SELECT co_sp_rate FROM company WHERE co_id = 1
-205 Query	UPDATE company SET co_sp_rate = 'co_sp_rate' WHERE co_id = 1
-205 Query	SELECT c_email_2 FROM customer WHERE c_id = 1
-205 Query	UPDATE customer SET c_email_2 = 'c_email_2' WHERE c_id = 1
-205 Query	SELECT old_tax_rate=cx_tx_id FROM customer_taxrate WHERE cx_c_id = 1 AND (cx_tx_id LIKE 'US%' OR cx_tx_id LIKE 'CN%')
-205 Query	UPDATE customer_taxrate SET cx_tx_id = 'cx_tx_id_updated' WHERE cx_c_id = 1 AND cx_tx_id = 'cx_tx_id'
-205 Query	UPDATE daily_market SET dm_vol = dm_vol + %d WHERE dm_s_symb = 'dm_s_symb' AND EXTRACT(DAY FROM dm_date) = 1
-205 Query	SELECT COUNT(-) FROM exchange WHERE ex_desc LIKE '%LAST UPDATED%'
-205 Query	UPDATE exchange SET ex_desc = CONCAT(ex_desc, ' LAST UPDATED ', now())
-205 Query	SELECT COUNT(-) FROM financial WHERE fi_co_id = 1 AND EXTRACT(DAY FROM fi_qtr_start_date) = 1
-205 Query	UPDATE financial SET fi_qtr_start_date = fi_qtr_start_date - INTERVAL '1 day' WHERE fi_co_id = 1
-205 Query	UPDATE news_item, news_xref SET ni_dts = ni_dts + INTERVAL '1' day WHERE ni_id = nx_ni_id AND nx_co_id = comp_id
-205 Query	UPDATE security SET s_exch_date = s_exch_date + INTERVAL '1' day WHERE s_symb = 's_symb'
-205 Query	SELECT tx_name FROM taxrate WHERE tx_id = 'tx_id'
-205 Query	UPDATE taxrate SET tx_name = 'tx_name' WHERE tx_id = 'tx_id'
-205 Query	SELECT count(-) FROM watch_item, watch_list WHERE wl_c_id = 1 AND wi_wl_id = wl_id
-205 Query	SELECT wi_s_symb FROM watch_item, watch_list WHERE wl_c_id = 1 AND wi_wl_id = wl_id ORDER BY wi_s_symb ASC LIMIT 1 OFFSET 1
-205 Query	SELECT s_symb FROM security WHERE s_symb > 's_symb_low' AND s_symb NOT IN (SELECT wi_s_symb FROM watch_item, watch_list WHERE wl_c_id = 1 AND wi_wl_id = wl_id) ORDER BY s_symb ASC LIMIT 1
-205 Query	UPDATE watch_item, watch_list SET wi_s_symb = 'wi_s_symb' WHERE wi_s_symb = 'wi_s_symb' AND wi_wl_id = wl_id AND wl_c_id = 1
-205 Query	commit
--DataMaintainance
+MarketFeed
205 Query	begin
205 Query	UPDATE LAST_TRADE SET LT_PRICE = '1.11', LT_VOL = LT_VOL + '10.0', LT_DTS = now_dts WHERE LT_S_SYMB = 'symbol'
205 Query	SELECT TR_T_ID, TR_BID_PRICE, TR_TT_ID, TR_QTY FROM TRADE_REQUEST WHERE TR_S_SYMB = 'symbol' and ((TR_TT_ID = type_stop_loss and TR_BID_PRICE >= '11.4') or (TR_TT_ID = type_limit_sell and TR_BID_PRICE <= '1.01') or (TR_TT_ID = type_limit_buy and TR_BID_PRICE >= '2.02'))
205 Query	UPDATE TRADE SET T_DTS = NOW(), T_ST_ID = 'status_submitted'  WHERE T_ID = 1
205 Query	DELETE FROM TRADE_REQUEST WHERE TR_T_ID = 1
205 Query	INSERT INTO TRADE_HISTORY VALUES (1, NOW(), 'status_submitted')
205 Query	commit
-MarketFeed
+TradeStatus
205 Query	begin
205 Query	SELECT t_id, DATE_FORMAT(t_dts,'%Y-%m-%d %H:%i:%s.%f'), st_name, tt_name, t_s_symb, t_qty, t_exec_name, t_chrg, s_name, ex_name FROM trade, status_type, trade_type, security, exchange WHERE t_ca_id = %d AND st_id = t_st_id AND tt_id = t_tt_id AND s_symb = t_s_symb AND ex_id = s_ex_id ORDER BY t_dts DESC LIMIT max_trade_status_len
205 Query	SELECT c_l_name, c_f_name, b_name FROM customer_account, customer, broker WHERE ca_id = 1 AND c_id = ca_c_id AND b_id = ca_b_id
205 Query	commit
-TradeStatus
+TradeOrder
205 Query	begin
205 Query	SELECT ca_name, ca_b_id, ca_c_id, ca_tax_st FROM customer_account WHERE ca_id = 1
205 Query	SELECT c_f_name, c_l_name, c_tier, c_tax_id FROM customer WHERE c_id = 'c_id'
205 Query	SELECT b_name FROM broker WHERE b_id = 'b_id'
205 Query	SELECT ap_acl FROM account_permission WHERE ap_ca_id = 1 AND ap_f_name = 'ap_f_name' AND ap_l_name = 'ap_l_name' AND ap_tax_id = 'ap_tax_id'
205 Query	SELECT co_id FROM company WHERE co_name = 'co_name'
205 Query	SELECT s_ex_id, s_name, s_symb FROM security WHERE s_co_id = 1 AND s_issue = 's_issue'
205 Query	SELECT s_co_id, s_ex_id, s_name FROM security WHERE s_symb = 's_symb'
205 Query	SELECT co_name FROM company WHERE co_id = 1
205 Query	SELECT lt_price FROM last_trade WHERE lt_s_symb = 'lt_s_symb'
205 Query	SELECT tt_is_mrkt, tt_is_sell FROM trade_type WHERE tt_id = 'tt_id'
205 Query	SELECT hs_qty FROM holding_summary WHERE hs_ca_id = 1 AND hs_s_symb = 'hs_s_symb'
205 Query	SELECT h_qty, h_price FROM holding WHERE h_ca_id = 1 AND h_s_symb = 'h_s_symb' ORDER BY h_dts DESC
205 Query	SELECT sum(tx_rate) FROM taxrate, customer_taxrate WHERE tx_id = cx_tx_id AND cx_c_id = 1
205 Query	SELECT cr_rate FROM commission_rate WHERE cr_c_tier = 1 AND cr_tt_id = 'cr_tt_id' AND cr_ex_id = 'cr_ex_id' AND cr_from_qty <= 1 AND cr_to_qty >= 1
205 Query	SELECT ch_chrg FROM charge WHERE ch_c_tier = 1 AND ch_tt_id = 'ch_tt_id'
205 Query	SELECT ca_bal FROM customer_account WHERE ca_id = 1
205 Query	SELECT sum(hs_qty * lt_price) FROM holding_summary, last_trade WHERE hs_ca_id = 1 AND lt_s_symb = hs_s_symb
205 Query	INSERT INTO trade(t_id, t_dts, t_st_id, t_tt_id, t_is_cash, t_s_symb, t_qty, t_bid_price, t_ca_id, t_exec_name, t_trade_price, t_chrg, t_comm, t_tax, t_lifo) VALUES (1, 't_dts', 't_st_id', 't_tt_id', 10, 't_s_symb', 10, 10.00, 1, 't_exec_name', NULL, 11.00, 12.00, 0, 5)
205 Query	INSERT INTO trade_request(tr_t_id, tr_tt_id, tr_s_symb, tr_qty, tr_bid_price, tr_b_id) VALUES (1, 'tr_tt_id', 'tr_s_symb', 10, 10.00, 1)
205 Query	INSERT INTO trade_history(th_t_id, th_dts, th_st_id) VALUES (1, 'th_dts', 'th_st_id')
205 Query	commit
-TradeStatus
+SecurityDetail
205 Query	begin
205 Query	SELECT s_name, co_id, co_name, co_sp_rate, co_ceo, co_desc, DATE_FORMAT(co_open_date,'%Y-%m-%d'), co_st_id, ca.ad_line1, ca.ad_line2, zca.zc_town, zca.zc_div, ca.ad_zc_code, ca.ad_ctry, s_num_out, DATE_FORMAT(s_start_date,'%Y-%m-%d'), DATE_FORMAT(s_exch_date,'%Y-%m-%d'), s_pe, s_52wk_high, DATE_FORMAT(s_52wk_high_date,'%Y-%m-%d'), s_52wk_low, DATE_FORMAT(s_52wk_low_date,'%Y-%m-%d'), s_dividend, s_yield, zea.zc_div, ea.ad_ctry, ea.ad_line1, ea.ad_line2, zea.zc_town, ea.ad_zc_code, ex_close, ex_desc, ex_name, ex_num_symb, ex_open FROM   security, company, address ca, address ea, zip_code zca, zip_code zea, exchange WHERE  s_symb = 's_symb' AND co_id = s_co_id AND ca.ad_id = co_ad_id AND ea.ad_id = ex_ad_id AND ex_id = s_ex_id AND ca.ad_zc_code = zca.zc_code AND ea.ad_zc_code = zea.zc_code
205 Query	SELECT co_name, in_name FROM company_competitor, company, industry WHERE cp_co_id = 1 AND co_id = cp_comp_co_id AND in_id = cp_in_id LIMIT max_comp_len
205 Query	SELECT fi_year, fi_qtr, DATE_FORMAT(fi_qtr_start_date,'%Y-%m-%d'), fi_revenue, fi_net_earn, fi_basic_eps, fi_dilut_eps, fi_margin, fi_inventory, fi_assets, fi_liability, fi_out_basic, fi_out_dilut FROM financial WHERE fi_co_id = 1 ORDER BY fi_year ASC, fi_qtr LIMIT max_fin_len
205 Query	SELECT DATE_FORMAT(dm_date,'%Y-%m-%d'), dm_close, dm_high, dm_low, dm_vol FROM daily_market WHERE dm_s_symb = 'dm_s_symb' AND dm_date >= 'dm_date' ORDER BY dm_date ASC LIMIT max_rows_to_return
205 Query	SELECT lt_price, lt_open_price, lt_vol FROM last_trade WHERE lt_s_symb = 'lt_s_symb'
205 Query	SELECT ni_item, DATE_FORMAT(ni_dts, '%Y-%m-%d %H:%i:%s.%f'), ni_source, ni_author FROM news_xref, news_item WHERE ni_id = nx_ni_id AND nx_co_id = 1 LIMIT max_news_len
205 Query	SELECT DATE_FORMAT(ni_dts, '%Y-%m-%d %H:%i:%s.%f'), ni_source, ni_author, ni_headline, ni_summary FROM news_xref, news_item WHERE ni_id = nx_ni_id AND nx_co_id = 1 LIMIT max_news_len
205 Query	commit
-SecurityDetail
+TradeLookup
205 Query	begin
205 Query	SELECT t_bid_price, t_exec_name, t_is_cash, tt_is_mrkt, t_trade_price FROM trade, trade_type WHERE t_id = 1 AND t_tt_id = tt_id
205 Query	SELECT se_amt, DATE_FORMAT(se_cash_due_date, '%Y-%m-%d'), se_cash_type FROM settlement WHERE se_t_id = 1
205 Query	SELECT ct_amt, DATE_FORMAT(ct_dts, '%Y-%m-%d %H:%i:%s.%f'), ct_name FROM cash_transaction WHERE ct_t_id = 1
205 Query	SELECT DATE_FORMAT(th_dts, '%Y-%m-%d %H:%i:%s.%f'), th_st_id FROM trade_history WHERE th_t_id = 1 ORDER BY th_dts LIMIT 3
205 Query	SELECT h1.hh_h_t_id, h1.hh_t_id, h1.hh_before_qty, h1.hh_after_qty FROM holding_history h1, holding_history h2 WHERE h1.hh_h_t_id = h2.hh_h_t_id AND h2.hh_t_id = %s LIMIT 20
205 Query	commit
-TradeLookup
+TradeUpdate
205 Query	begin
205 Query	SELECT t_exec_name FROM trade WHERE t_id = 1
205 Query	UPDATE trade SET t_exec_name = 't_exec_name' WHERE t_id = 1
205 Query	SELECT t_bid_price, t_exec_name, t_is_cash, tt_is_mrkt, t_trade_price FROM trade, trade_type WHERE t_id = 1 AND t_tt_id = tt_id
205 Query	SELECT se_amt, DATE_FORMAT(se_cash_due_date, '%Y-%m-%d'), se_cash_type FROM settlement WHERE se_t_id = 1
205 Query	SELECT ct_amt, DATE_FORMAT(ct_dts, '%Y-%m-%d %H:%i:%s.%f'), ct_name FROM cash_transaction WHERE ct_t_id = 1
205 Query	SELECT DATE_FORMAT(th_dts, '%Y-%m-%d %H:%i:%s.%f'), th_st_id FROM trade_history WHERE th_t_id = 1 ORDER BY th_dts LIMIT 3
205 Query	commit
205 Query	begin
205 Query	SELECT t_bid_price, t_exec_name, t_is_cash, t_id, t_trade_price FROM trade WHERE t_ca_id = 1 AND t_dts >= 't_dts_lower' AND t_dts <= 't_dts_upper' ORDER BY t_dts ASC LIMIT 10
205 Query	SELECT se_cash_type FROM settlement WHERE se_t_id = 1
205 Query	UPDATE settlement SET se_cash_type = 'se_cash_type' WHERE se_t_id = 1
205 Query	SELECT se_amt, DATE_FORMAT(se_cash_due_date, '%Y-%m-%d'), se_cash_type FROM settlement WHERE se_t_id = 1
205 Query	SELECT ct_amt, DATE_FORMAT(ct_dts, '%Y-%m-%d %H:%i:%s.%f'), ct_name FROM cash_transaction WHERE ct_t_id = 1
205 Query	SELECT DATE_FORMAT(th_dts, '%Y-%m-%d %H:%i:%s.%f'), th_st_id FROM trade_history WHERE th_t_id = 1 ORDER BY th_dts LIMIT 3
205 Query	commit
205 Query	begin
205 Query	SELECT t_ca_id, t_exec_name, t_is_cash, t_trade_price, t_qty, s_name, DATE_FORMAT(t_dts, '%Y-%m-%d %H:%i:%s.%f'), t_id, t_tt_id, tt_name FROM trade, trade_type, security WHERE t_s_symb = 't_s_symb' AND t_dts >= 't_dts_lower' AND t_dts <= 't_dts_upper' AND tt_id = t_tt_id AND s_symb = t_s_symb ORDER BY t_dts ASC LIMIT 3
205 Query	SELECT se_amt, DATE_FORMAT(se_cash_due_date, '%Y-%m-%d'), se_cash_type FROM settlement WHERE se_t_id = 1
205 Query	SELECT ct_name FROM cash_transaction WHERE ct_t_id = 1
205 Query	UPDATE cash_transaction SET ct_name = 'ct_name' WHERE ct_t_id = 1
205 Query	SELECT ct_amt, DATE_FORMAT(ct_dts, '%Y-%m-%d %H:%i:%s.%f'), ct_name FROM cash_transaction WHERE ct_t_id = 1
205 Query	SELECT DATE_FORMAT(th_dts, '%Y-%m-%d %H:%i:%s.%f'), th_st_id FROM trade_history WHERE th_t_id = 1 ORDER BY th_dts ASC LIMIT 3
205 Query	commit
-TradeUpdate
+TradeResult
205 Query	begin
205 Query	SELECT t_ca_id, t_tt_id, t_s_symb, t_qty, t_chrg, t_lifo, t_is_cash FROM trade WHERE t_id = 1
205 Query	SELECT tt_name, tt_is_sell, tt_is_mrkt FROM trade_type WHERE tt_id = 'tt_id'
205 Query	SELECT hs_qty FROM holding_summary WHERE hs_ca_id = %s AND hs_s_symb = 'hs_s_symb'
205 Query	SELECT ca_b_id, ca_c_id, ca_tax_st FROM customer_account WHERE ca_id = 1
205 Query	INSERT INTO holding_summary(hs_ca_id, hs_s_symb, hs_qty) VALUES(1, 'hs_s_symb', 10)
205 Query	UPDATE holding_summary SET hs_qty = 10 WHERE hs_ca_id = 1 AND hs_s_symb = 'hs_s_symb'
205 Query	SELECT h_t_id, h_qty, h_price FROM holding WHERE h_ca_id = 1 AND h_s_symb = 'h_s_symb' ORDER BY h_dts DESC
205 Query	INSERT INTO holding_history(hh_h_t_id, hh_t_id, hh_before_qty, hh_after_qty) VALUES(1, 1, 1, 10)
205 Query	UPDATE holding SET h_qty = 10 WHERE h_t_id = 1
205 Query	DELETE FROM holding WHERE h_t_id = 1
205 Query	INSERT INTO holding_history(hh_h_t_id, hh_t_id, hh_before_qty, hh_after_qty) VALUES(1, 1, 1, 10)
205 Query	INSERT INTO holding(h_t_id, h_ca_id, h_s_symb, h_dts, h_price, h_qty) VALUES (1, 1, 'h_s_symb', 'h_dts', 1.00, 10)
205 Query	DELETE FROM holding_summary WHERE hs_ca_id = 1 AND hs_s_symb = 'hs_s_symb'
205 Query	SELECT SUM(tx_rate) FROM taxrate, customer_taxrate WHERE tx_id = cx_tx_id AND cx_c_id = 1
205 Query	UPDATE trade SET t_tax = 1.0 WHERE t_id = 1
205 Query	SELECT s_ex_id, s_name FROM security WHERE s_symb = 's_symb'
205 Query	SELECT c_tier FROM customer WHERE c_id = 1
205 Query	SELECT cr_rate FROM commission_rate WHERE cr_c_tier = 'TIER1' AND cr_tt_id = 'cr_tt_id' AND cr_ex_id = 'cr_ex_id' AND cr_from_qty <= 10 AND cr_to_qty >= 5
205 Query	UPDATE trade SET t_comm = 1.0, t_dts = 't_dts', t_st_id = 't_st_id', t_trade_price = 10.0 WHERE t_id = 1
205 Query	INSERT INTO trade_history(th_t_id, th_dts, th_st_id) VALUES (1, 'th_dts', 'th_st_id')
205 Query	UPDATE broker SET b_comm_total = b_comm_total + 1.0, b_num_trades = b_num_trades + 1 WHERE b_id = 1
205 Query	INSERT INTO settlement(se_t_id, se_cash_type, se_cash_due_date, se_amt) VALUES (1, 'se_cash_type', 'se_cash_due_date', 1.0)
205 Query	UPDATE customer_account SET ca_bal = ca_bal + 1.0 WHERE ca_id = 1
205 Query	INSERT INTO cash_transaction(ct_dts, ct_t_id, ct_amt, ct_name) VALUES ('ct_dts', 1, 1.0, 'shared of')
205 Query	SELECT ca_bal FROM customer_account WHERE ca_id = 1
205 Query	commit
-TradeResult
